# JRE version: OpenJDK Runtime Environment Temurin-21.0.6+7 (21.0.6+7) (build 21.0.6+7-LTS)
# Java VM: OpenJDK 64-Bit Server VM Temurin-21.0.6+7 (21.0.6+7-LTS, mixed mode, emulated-client, sharing, tiered, compressed oops, compressed class ptrs, g1 gc, windows-amd64)
GC Precious Log:
 CardTable entry size: 512
 Card Set container configuration: InlinePtr #cards 5 size 8 Array Of Cards #cards 12 size 40 Howl #buckets 4 coarsen threshold 1843 Howl Bitmap #cards 512 size 80 coarsen threshold 460 Card regions per heap region 1 cards per card region 2048
 CPUs: 8 total, 8 available
 Memory: 8029M
 Large Page Support: Disabled
 NUMA Support: Disabled
 Compressed Oops: Enabled (32-bit)
 Heap Region Size: 1M
 Heap Min Capacity: 8M
 Heap Initial Capacity: 126M
 Heap Max Capacity: 2008M
 Pre-touch: Disabled
 Parallel Workers: 8
 Concurrent Workers: 2
 Concurrent Refinement Workers: 8
 Periodic GC: Disabled
Heap:
 garbage-first heap   total 99328K, used 83440K [0x0000000082800000, 0x0000000100000000)
  region size 1024K, 57 young (58368K), 5 survivors (5120K)
 Metaspace       used 78306K, committed 79040K, reserved 1179648K
  class space    used 11178K, committed 11520K, reserved 1048576K
GC Heap History (20 events):
Event: 794.808 GC heap after
{Heap after GC invocations=30 (full 1):
 garbage-first heap   total 99328K, used 26617K [0x0000000082800000, 0x0000000100000000)
  region size 1024K, 0 young (0K), 0 survivors (0K)
 Metaspace       used 76589K, committed 77696K, reserved 1179648K
  class space    used 10977K, committed 11392K, reserved 1048576K
}
Event: 796.458 GC heap before
{Heap before GC invocations=30 (full 1):
 garbage-first heap   total 99328K, used 84985K [0x0000000082800000, 0x0000000100000000)
  region size 1024K, 58 young (59392K), 0 survivors (0K)
 Metaspace       used 77000K, committed 77824K, reserved 1179648K
  class space    used 11042K, committed 11456K, reserved 1048576K
}
Event: 796.469 GC heap after
{Heap after GC invocations=31 (full 1):
 garbage-first heap   total 99328K, used 33867K [0x0000000082800000, 0x0000000100000000)
  region size 1024K, 8 young (8192K), 8 survivors (8192K)
 Metaspace       used 77000K, committed 77824K, reserved 1179648K
  class space    used 11042K, committed 11456K, reserved 1048576K
}
Event: 809.234 GC heap before
{Heap before GC invocations=31 (full 1):
 garbage-first heap   total 99328K, used 45131K [0x0000000082800000, 0x0000000100000000)
  region size 1024K, 20 young (20480K), 8 survivors (8192K)
 Metaspace       used 77059K, committed 77824K, reserved 1179648K
  class space    used 11057K, committed 11456K, reserved 1048576K
}
Event: 809.286 GC heap after
{Heap after GC invocations=32 (full 2):
 garbage-first heap   total 99328K, used 29695K [0x0000000082800000, 0x0000000100000000)
  region size 1024K, 0 young (0K), 0 survivors (0K)
 Metaspace       used 76930K, committed 77824K, reserved 1179648K
  class space    used 11025K, committed 11456K, reserved 1048576K
}
Event: 810.161 GC heap before
{Heap before GC invocations=32 (full 2):
 garbage-first heap   total 99328K, used 83967K [0x0000000082800000, 0x0000000100000000)
  region size 1024K, 54 young (55296K), 0 survivors (0K)
 Metaspace       used 77167K, committed 77952K, reserved 1179648K
  class space    used 11047K, committed 11456K, reserved 1048576K
}
Event: 810.166 GC heap after
{Heap after GC invocations=33 (full 2):
 garbage-first heap   total 99328K, used 35107K [0x0000000082800000, 0x0000000100000000)
  region size 1024K, 6 young (6144K), 6 survivors (6144K)
 Metaspace       used 77167K, committed 77952K, reserved 1179648K
  class space    used 11047K, committed 11456K, reserved 1048576K
}
Event: 1041.170 GC heap before
{Heap before GC invocations=34 (full 2):
 garbage-first heap   total 99328K, used 51491K [0x0000000082800000, 0x0000000100000000)
  region size 1024K, 23 young (23552K), 6 survivors (6144K)
 Metaspace       used 77184K, committed 77952K, reserved 1179648K
  class space    used 11049K, committed 11456K, reserved 1048576K
}
Event: 1041.219 GC heap after
{Heap after GC invocations=35 (full 3):
 garbage-first heap   total 99328K, used 30005K [0x0000000082800000, 0x0000000100000000)
  region size 1024K, 0 young (0K), 0 survivors (0K)
 Metaspace       used 77181K, committed 77952K, reserved 1179648K
  class space    used 11049K, committed 11456K, reserved 1048576K
}
Event: 1044.248 GC heap before
{Heap before GC invocations=35 (full 3):
 garbage-first heap   total 99328K, used 84277K [0x0000000082800000, 0x0000000100000000)
  region size 1024K, 54 young (55296K), 0 survivors (0K)
 Metaspace       used 77652K, committed 78400K, reserved 1179648K
  class space    used 11121K, committed 11456K, reserved 1048576K
}
Event: 1044.253 GC heap after
{Heap after GC invocations=36 (full 3):
 garbage-first heap   total 99328K, used 34435K [0x0000000082800000, 0x0000000100000000)
  region size 1024K, 5 young (5120K), 5 survivors (5120K)
 Metaspace       used 77652K, committed 78400K, reserved 1179648K
  class space    used 11121K, committed 11456K, reserved 1048576K
}
Event: 1113.167 GC heap before
{Heap before GC invocations=36 (full 3):
 garbage-first heap   total 99328K, used 84611K [0x0000000082800000, 0x0000000100000000)
  region size 1024K, 55 young (56320K), 5 survivors (5120K)
 Metaspace       used 77889K, committed 78592K, reserved 1179648K
  class space    used 11145K, committed 11456K, reserved 1048576K
}
Event: 1113.175 GC heap after
{Heap after GC invocations=37 (full 3):
 garbage-first heap   total 99328K, used 37389K [0x0000000082800000, 0x0000000100000000)
  region size 1024K, 4 young (4096K), 4 survivors (4096K)
 Metaspace       used 77889K, committed 78592K, reserved 1179648K
  class space    used 11145K, committed 11456K, reserved 1048576K
}
Event: 1113.189 GC heap before
{Heap before GC invocations=37 (full 3):
 garbage-first heap   total 99328K, used 38413K [0x0000000082800000, 0x0000000100000000)
  region size 1024K, 6 young (6144K), 4 survivors (4096K)
 Metaspace       used 77892K, committed 78592K, reserved 1179648K
  class space    used 11145K, committed 11456K, reserved 1048576K
}
Event: 1113.226 GC heap after
{Heap after GC invocations=38 (full 4):
 garbage-first heap   total 99328K, used 27216K [0x0000000082800000, 0x0000000100000000)
  region size 1024K, 0 young (0K), 0 survivors (0K)
 Metaspace       used 77696K, committed 78592K, reserved 1179648K
  class space    used 11095K, committed 11456K, reserved 1048576K
}
Event: 1113.759 GC heap before
{Heap before GC invocations=38 (full 4):
 garbage-first heap   total 99328K, used 83536K [0x0000000082800000, 0x0000000100000000)
  region size 1024K, 56 young (57344K), 0 survivors (0K)
 Metaspace       used 78101K, committed 78784K, reserved 1179648K
  class space    used 11159K, committed 11456K, reserved 1048576K
}
Event: 1113.765 GC heap after
{Heap after GC invocations=39 (full 4):
 garbage-first heap   total 99328K, used 34208K [0x0000000082800000, 0x0000000100000000)
  region size 1024K, 7 young (7168K), 7 survivors (7168K)
 Metaspace       used 78101K, committed 78784K, reserved 1179648K
  class space    used 11159K, committed 11456K, reserved 1048576K
}
Event: 1253.491 GC heap before
{Heap before GC invocations=39 (full 4):
 garbage-first heap   total 99328K, used 56736K [0x0000000082800000, 0x0000000100000000)
  region size 1024K, 30 young (30720K), 7 survivors (7168K)
 Metaspace       used 78169K, committed 78912K, reserved 1179648K
  class space    used 11175K, committed 11520K, reserved 1048576K
}
Event: 1253.529 GC heap after
{Heap after GC invocations=40 (full 5):
 garbage-first heap   total 99328K, used 30192K [0x0000000082800000, 0x0000000100000000)
  region size 1024K, 0 young (0K), 0 survivors (0K)
 Metaspace       used 78096K, committed 78912K, reserved 1179648K
  class space    used 11157K, committed 11520K, reserved 1048576K
}
Event: 1405.087 GC heap before
{Heap before GC invocations=40 (full 5):
 garbage-first heap   total 99328K, used 82416K [0x0000000082800000, 0x0000000100000000)
  region size 1024K, 52 young (53248K), 0 survivors (0K)
 Metaspace       used 78306K, committed 79040K, reserved 1179648K
  class space    used 11178K, committed 11520K, reserved 1048576K
}

